Build started 11/9/2010 2:21:06 AM.
     1>Project "C:\Users\Avalon\Desktop\arlight client\project\Project.vcxproj" on node 2 (build target(s)).
     1>InitializeBuildStatus:
         Creating "C:\Users\Avalon\Desktop\arlight client\project\..\bin\_intermediate\Debug\Project.unsuccessfulbuild" because "AlwaysCreate" was specified.
       ClCompile:
         C:\Program Files (x86)\Apps\Microsoft Visual Studio 10.0\VC\bin\CL.exe /c /I.\source /I.\include\freeimage /IC:\ARToolKit\include /I.\include\fmod /I"C:\Program Files (x86)\Apps\NVIDIA Corporation\NVIDIA PhysX SDK\v2.8.1\SDKs/Physics/include" /I"C:\Program Files (x86)\Apps\NVIDIA Corporation\NVIDIA PhysX SDK\v2.8.1\SDKs/Foundation/include" /I"C:\Program Files (x86)\Apps\NVIDIA Corporation\NVIDIA PhysX SDK\v2.8.1\SDKs/PhysXLoader/include" /I"C:\Program Files (x86)\Apps\NVIDIA Corporation\NVIDIA PhysX SDK\v2.8.1\SDKs/Cooking/include" /I.\include\gl /I"C:\Program Files (x86)\Apps\boost\boost-1.40.0" /ZI /nologo /W3 /WX- /Od /Oy- /D WIN32 /D NDEBUG /D _WINDOWS /D NOMINMAX /D BOOST_LIB_DIAGNOSTIC /D BOOST_ALL_DYN_LINK /D BOOST_USE_WINDOWS_H /D _MBCS /Gm /EHsc /RTC1 /MTd /GS /fp:precise /Zc:wchar_t /Zc:forScope /Fo"C:\Users\Avalon\Desktop\arlight client\project\..\bin\_intermediate\Debug\\" /Fd"C:\Users\Avalon\Desktop\arlight client\project\..\bin\_intermediate\Debug\vc100.pdb" /Gd /TP /wd4180 /wd4996 /analyze- /errorReport:prompt source\main.cpp
         main.cpp
       Link:
         C:\Program Files (x86)\Apps\Microsoft Visual Studio 10.0\VC\bin\link.exe /ERRORREPORT:PROMPT /OUT:"C:\Users\Avalon\Desktop\arlight client\project\..\bin\Debug\Project.exe" /NOLOGO /LIBPATH:.\lib\freeimage /LIBPATH:C:\ARToolKit\lib /LIBPATH:.\lib\fmod /LIBPATH:"C:\Program Files (x86)\Apps\NVIDIA Corporation\NVIDIA PhysX SDK\v2.8.1\SDKs/lib/Win32" /LIBPATH:.\lib\gl /LIBPATH:"C:\Program Files (x86)\Apps\boost\boost-1.40.0/lib" FreeImage.lib libAR.lib libARgsub_lite.lib libARvideo.lib fmodexL_vc.lib PhysXLoader.lib glut32.lib glew32.lib opengl32.lib glu32.lib kernel32.lib user32.lib gdi32.lib winspool.lib comdlg32.lib advapi32.lib shell32.lib ole32.lib oleaut32.lib uuid.lib odbc32.lib odbccp32.lib /MANIFEST /ManifestFile:"C:\Users\Avalon\Desktop\arlight client\project\..\bin\_intermediate\Debug\Project.exe.intermediate.manifest" /MANIFESTUAC:"level='asInvoker' uiAccess='false'" /DEBUG /PDB:"C:\Users\Avalon\Desktop\arlight client\bin\Debug\Project.pdb" /TLBID:1 /DYNAMICBASE /NXCOMPAT /IMPLIB:"C:\Users\Avalon\Desktop\arlight client\project\..\bin\Debug\Project.lib" /MACHINE:X86 "C:\Users\Avalon\Desktop\arlight client\project\..\bin\_intermediate\Debug\component.obj"
         "C:\Users\Avalon\Desktop\arlight client\project\..\bin\_intermediate\Debug\locator.obj"
         "C:\Users\Avalon\Desktop\arlight client\project\..\bin\_intermediate\Debug\bounding_box.obj"
         "C:\Users\Avalon\Desktop\arlight client\project\..\bin\_intermediate\Debug\cull.obj"
         "C:\Users\Avalon\Desktop\arlight client\project\..\bin\_intermediate\Debug\frustum_culling.obj"
         "C:\Users\Avalon\Desktop\arlight client\project\..\bin\_intermediate\Debug\game_state.obj"
         "C:\Users\Avalon\Desktop\arlight client\project\..\bin\_intermediate\Debug\game_state_manager.obj"
         "C:\Users\Avalon\Desktop\arlight client\project\..\bin\_intermediate\Debug\light.obj"
         "C:\Users\Avalon\Desktop\arlight client\project\..\bin\_intermediate\Debug\main.obj"
         "C:\Users\Avalon\Desktop\arlight client\project\..\bin\_intermediate\Debug\material.obj"
         "C:\Users\Avalon\Desktop\arlight client\project\..\bin\_intermediate\Debug\vec3.obj"
         "C:\Users\Avalon\Desktop\arlight client\project\..\bin\_intermediate\Debug\vec4.obj"
         "C:\Users\Avalon\Desktop\arlight client\project\..\bin\_intermediate\Debug\face.obj"
         "C:\Users\Avalon\Desktop\arlight client\project\..\bin\_intermediate\Debug\group.obj"
         "C:\Users\Avalon\Desktop\arlight client\project\..\bin\_intermediate\Debug\mesh.obj"
         "C:\Users\Avalon\Desktop\arlight client\project\..\bin\_intermediate\Debug\mesh_manager.obj"
         "C:\Users\Avalon\Desktop\arlight client\project\..\bin\_intermediate\Debug\mesh_obj.obj"
         "C:\Users\Avalon\Desktop\arlight client\project\..\bin\_intermediate\Debug\hud.obj"
         "C:\Users\Avalon\Desktop\arlight client\project\..\bin\_intermediate\Debug\mesh_renderer.obj"
         "C:\Users\Avalon\Desktop\arlight client\project\..\bin\_intermediate\Debug\opengl_mesh_renderer.obj"
         "C:\Users\Avalon\Desktop\arlight client\project\..\bin\_intermediate\Debug\opengl_renderer.obj"
         "C:\Users\Avalon\Desktop\arlight client\project\..\bin\_intermediate\Debug\renderer.obj"
         "C:\Users\Avalon\Desktop\arlight client\project\..\bin\_intermediate\Debug\shader.obj"
         "C:\Users\Avalon\Desktop\arlight client\project\..\bin\_intermediate\Debug\shadows.obj"
         "C:\Users\Avalon\Desktop\arlight client\project\..\bin\_intermediate\Debug\opengl_texture.obj"
         "C:\Users\Avalon\Desktop\arlight client\project\..\bin\_intermediate\Debug\texture.obj"
         "C:\Users\Avalon\Desktop\arlight client\project\..\bin\_intermediate\Debug\texture_manager.obj"
         "C:\Users\Avalon\Desktop\arlight client\project\..\bin\_intermediate\Debug\rand.obj"
         LINK : C:\Users\Avalon\Desktop\arlight client\project\..\bin\Debug\Project.exe not found or not built by the last incremental link; performing full link
     1>LINK : warning LNK4098: defaultlib 'LIBCMT' conflicts with use of other libs; use /NODEFAULTLIB:library
         Project.vcxproj -> C:\Users\Avalon\Desktop\arlight client\project\..\bin\Debug\Project.exe
       Manifest:
         C:\Program Files (x86)\Microsoft SDKs\Windows\v7.0A\bin\mt.exe /nologo /verbose /outputresource:"C:\Users\Avalon\Desktop\arlight client\project\..\bin\Debug\Project.exe;#1" /manifest "C:\Users\Avalon\Desktop\arlight client\project\..\bin\_intermediate\Debug\Project.exe.intermediate.manifest"
       FinalizeBuildStatus:
         Deleting file "C:\Users\Avalon\Desktop\arlight client\project\..\bin\_intermediate\Debug\Project.unsuccessfulbuild".
         Touching "C:\Users\Avalon\Desktop\arlight client\project\..\bin\_intermediate\Debug\Project.lastbuildstate".
     1>Done Building Project "C:\Users\Avalon\Desktop\arlight client\project\Project.vcxproj" (build target(s)).

Build succeeded.

Time Elapsed 00:00:02.65
