C:\USERS\AVALON\DESKTOP\ARLIGHT CLIENT\BIN\_INTERMEDIATE\DEBUG\BOUNDING_BOX.OBJ
C:\Users\Avalon\Desktop\arlight client\bin\_intermediate\Debug\cl.command.1.tlog
C:\Users\Avalon\Desktop\arlight client\bin\_intermediate\Debug\CL.read.1.tlog
C:\Users\Avalon\Desktop\arlight client\bin\_intermediate\Debug\CL.write.1.tlog
C:\USERS\AVALON\DESKTOP\ARLIGHT CLIENT\BIN\_INTERMEDIATE\DEBUG\CULL.OBJ
C:\USERS\AVALON\DESKTOP\ARLIGHT CLIENT\BIN\_INTERMEDIATE\DEBUG\FACE.OBJ
C:\USERS\AVALON\DESKTOP\ARLIGHT CLIENT\BIN\_INTERMEDIATE\DEBUG\FRUSTUM_CULLING.OBJ
C:\USERS\AVALON\DESKTOP\ARLIGHT CLIENT\BIN\_INTERMEDIATE\DEBUG\GAME_STATE.OBJ
C:\USERS\AVALON\DESKTOP\ARLIGHT CLIENT\BIN\_INTERMEDIATE\DEBUG\GAME_STATE_MANAGER.OBJ
C:\USERS\AVALON\DESKTOP\ARLIGHT CLIENT\BIN\_INTERMEDIATE\DEBUG\GROUP.OBJ
C:\USERS\AVALON\DESKTOP\ARLIGHT CLIENT\BIN\_INTERMEDIATE\DEBUG\HUD.OBJ
C:\USERS\AVALON\DESKTOP\ARLIGHT CLIENT\BIN\_INTERMEDIATE\DEBUG\LIGHT.OBJ
C:\Users\Avalon\Desktop\arlight client\bin\_intermediate\Debug\link.command.1.tlog
C:\Users\Avalon\Desktop\arlight client\bin\_intermediate\Debug\link.read.1.tlog
C:\Users\Avalon\Desktop\arlight client\bin\_intermediate\Debug\link.write.1.tlog
C:\USERS\AVALON\DESKTOP\ARLIGHT CLIENT\BIN\_INTERMEDIATE\DEBUG\LOCATOR.OBJ
C:\USERS\AVALON\DESKTOP\ARLIGHT CLIENT\BIN\_INTERMEDIATE\DEBUG\MAIN.OBJ
C:\USERS\AVALON\DESKTOP\ARLIGHT CLIENT\BIN\_INTERMEDIATE\DEBUG\MATERIAL.OBJ
C:\USERS\AVALON\DESKTOP\ARLIGHT CLIENT\BIN\_INTERMEDIATE\DEBUG\MESH.OBJ
C:\USERS\AVALON\DESKTOP\ARLIGHT CLIENT\BIN\_INTERMEDIATE\DEBUG\MESH_MANAGER.OBJ
C:\USERS\AVALON\DESKTOP\ARLIGHT CLIENT\BIN\_INTERMEDIATE\DEBUG\MESH_OBJ.OBJ
C:\USERS\AVALON\DESKTOP\ARLIGHT CLIENT\BIN\_INTERMEDIATE\DEBUG\MESH_RENDERER.OBJ
C:\Users\Avalon\Desktop\arlight client\bin\_intermediate\Debug\mt.command.1.tlog
C:\Users\Avalon\Desktop\arlight client\bin\_intermediate\Debug\mt.read.1.tlog
C:\Users\Avalon\Desktop\arlight client\bin\_intermediate\Debug\mt.write.1.tlog
C:\USERS\AVALON\DESKTOP\ARLIGHT CLIENT\BIN\_INTERMEDIATE\DEBUG\OPENGL_MESH_RENDERER.OBJ
C:\USERS\AVALON\DESKTOP\ARLIGHT CLIENT\BIN\_INTERMEDIATE\DEBUG\OPENGL_RENDERER.OBJ
C:\USERS\AVALON\DESKTOP\ARLIGHT CLIENT\BIN\_INTERMEDIATE\DEBUG\PROJECT.EXE.INTERMEDIATE.MANIFEST
C:\USERS\AVALON\DESKTOP\ARLIGHT CLIENT\BIN\_INTERMEDIATE\DEBUG\RAND.OBJ
C:\USERS\AVALON\DESKTOP\ARLIGHT CLIENT\BIN\_INTERMEDIATE\DEBUG\RENDERER.OBJ
C:\USERS\AVALON\DESKTOP\ARLIGHT CLIENT\BIN\_INTERMEDIATE\DEBUG\SHADER.OBJ
C:\USERS\AVALON\DESKTOP\ARLIGHT CLIENT\BIN\_INTERMEDIATE\DEBUG\SHADOWS.OBJ
C:\USERS\AVALON\DESKTOP\ARLIGHT CLIENT\BIN\_INTERMEDIATE\DEBUG\TEXTURE.OBJ
C:\USERS\AVALON\DESKTOP\ARLIGHT CLIENT\BIN\_INTERMEDIATE\DEBUG\TEXTURE_MANAGER.OBJ
C:\Users\Avalon\Desktop\arlight client\bin\_intermediate\Debug\vc100.idb
C:\USERS\AVALON\DESKTOP\ARLIGHT CLIENT\BIN\_INTERMEDIATE\DEBUG\VC100.PDB
C:\USERS\AVALON\DESKTOP\ARLIGHT CLIENT\BIN\_INTERMEDIATE\DEBUG\VEC3.OBJ
C:\USERS\AVALON\DESKTOP\ARLIGHT CLIENT\BIN\_INTERMEDIATE\DEBUG\VEC4.OBJ
C:\USERS\AVALON\DESKTOP\ARLIGHT CLIENT\BIN\DEBUG\PROJECT.EXE
C:\USERS\AVALON\DESKTOP\ARLIGHT CLIENT\BIN\DEBUG\PROJECT.ILK
C:\USERS\AVALON\DESKTOP\ARLIGHT CLIENT\BIN\DEBUG\PROJECT.PDB
C:\Users\Avalon\Desktop\arlight client\project\..\bin\Debug\Project.exe
C:\Users\Avalon\Desktop\arlight client\project\..\bin\Debug\Project.ilk
C:\Users\Avalon\Desktop\arlight client\project\..\bin\Debug\Project.pdb
