C:\USERS\AVALON\DESKTOP\ARLIGHT CLIENT\BIN\_INTERMEDIATE\RELEASE\BOUNDING_BOX.OBJ
C:\Users\Avalon\Desktop\arlight client\bin\_intermediate\Release\cl.command.1.tlog
C:\Users\Avalon\Desktop\arlight client\bin\_intermediate\Release\CL.read.1.tlog
C:\Users\Avalon\Desktop\arlight client\bin\_intermediate\Release\CL.write.1.tlog
C:\USERS\AVALON\DESKTOP\ARLIGHT CLIENT\BIN\_INTERMEDIATE\RELEASE\CULL.OBJ
C:\USERS\AVALON\DESKTOP\ARLIGHT CLIENT\BIN\_INTERMEDIATE\RELEASE\FACE.OBJ
C:\USERS\AVALON\DESKTOP\ARLIGHT CLIENT\BIN\_INTERMEDIATE\RELEASE\FRUSTUM_CULLING.OBJ
C:\USERS\AVALON\DESKTOP\ARLIGHT CLIENT\BIN\_INTERMEDIATE\RELEASE\GAME_STATE.OBJ
C:\USERS\AVALON\DESKTOP\ARLIGHT CLIENT\BIN\_INTERMEDIATE\RELEASE\GAME_STATE_MANAGER.OBJ
C:\USERS\AVALON\DESKTOP\ARLIGHT CLIENT\BIN\_INTERMEDIATE\RELEASE\GROUP.OBJ
C:\USERS\AVALON\DESKTOP\ARLIGHT CLIENT\BIN\_INTERMEDIATE\RELEASE\HUD.OBJ
C:\USERS\AVALON\DESKTOP\ARLIGHT CLIENT\BIN\_INTERMEDIATE\RELEASE\LIGHT.OBJ
C:\Users\Avalon\Desktop\arlight client\bin\_intermediate\Release\link.command.1.tlog
C:\Users\Avalon\Desktop\arlight client\bin\_intermediate\Release\link.read.1.tlog
C:\Users\Avalon\Desktop\arlight client\bin\_intermediate\Release\link.write.1.tlog
C:\USERS\AVALON\DESKTOP\ARLIGHT CLIENT\BIN\_INTERMEDIATE\RELEASE\LOCATOR.OBJ
C:\USERS\AVALON\DESKTOP\ARLIGHT CLIENT\BIN\_INTERMEDIATE\RELEASE\MAIN.OBJ
C:\USERS\AVALON\DESKTOP\ARLIGHT CLIENT\BIN\_INTERMEDIATE\RELEASE\MATERIAL.OBJ
C:\USERS\AVALON\DESKTOP\ARLIGHT CLIENT\BIN\_INTERMEDIATE\RELEASE\MESH.OBJ
C:\USERS\AVALON\DESKTOP\ARLIGHT CLIENT\BIN\_INTERMEDIATE\RELEASE\MESH_MANAGER.OBJ
C:\USERS\AVALON\DESKTOP\ARLIGHT CLIENT\BIN\_INTERMEDIATE\RELEASE\MESH_OBJ.OBJ
C:\USERS\AVALON\DESKTOP\ARLIGHT CLIENT\BIN\_INTERMEDIATE\RELEASE\MESH_RENDERER.OBJ
C:\Users\Avalon\Desktop\arlight client\bin\_intermediate\Release\mt.command.1.tlog
C:\Users\Avalon\Desktop\arlight client\bin\_intermediate\Release\mt.read.1.tlog
C:\Users\Avalon\Desktop\arlight client\bin\_intermediate\Release\mt.write.1.tlog
C:\USERS\AVALON\DESKTOP\ARLIGHT CLIENT\BIN\_INTERMEDIATE\RELEASE\OPENGL_MESH_RENDERER.OBJ
C:\USERS\AVALON\DESKTOP\ARLIGHT CLIENT\BIN\_INTERMEDIATE\RELEASE\OPENGL_RENDERER.OBJ
C:\Users\Avalon\Desktop\arlight client\bin\_intermediate\Release\Project.exe.intermediate.manifest
C:\USERS\AVALON\DESKTOP\ARLIGHT CLIENT\BIN\_INTERMEDIATE\RELEASE\RAND.OBJ
C:\USERS\AVALON\DESKTOP\ARLIGHT CLIENT\BIN\_INTERMEDIATE\RELEASE\RENDERER.OBJ
C:\USERS\AVALON\DESKTOP\ARLIGHT CLIENT\BIN\_INTERMEDIATE\RELEASE\SHADER.OBJ
C:\USERS\AVALON\DESKTOP\ARLIGHT CLIENT\BIN\_INTERMEDIATE\RELEASE\SHADOWS.OBJ
C:\USERS\AVALON\DESKTOP\ARLIGHT CLIENT\BIN\_INTERMEDIATE\RELEASE\TEXTURE.OBJ
C:\USERS\AVALON\DESKTOP\ARLIGHT CLIENT\BIN\_INTERMEDIATE\RELEASE\TEXTURE_MANAGER.OBJ
C:\USERS\AVALON\DESKTOP\ARLIGHT CLIENT\BIN\_INTERMEDIATE\RELEASE\VC100.PDB
C:\USERS\AVALON\DESKTOP\ARLIGHT CLIENT\BIN\_INTERMEDIATE\RELEASE\VEC3.OBJ
C:\USERS\AVALON\DESKTOP\ARLIGHT CLIENT\BIN\_INTERMEDIATE\RELEASE\VEC4.OBJ
C:\USERS\AVALON\DESKTOP\ARLIGHT CLIENT\BIN\RELEASE\PROJECT.EXE
C:\Users\Avalon\Desktop\arlight client\project\..\bin\Release\Project.pdb
